# JRE version: OpenJDK Runtime Environment (20.0.2+9) (build 20.0.2+9-78)
# Java VM: OpenJDK 64-Bit Server VM (20.0.2+9-78, mixed mode, sharing, tiered, compressed oops, compressed class ptrs, g1 gc, bsd-amd64)
GC Precious Log:
 CardTable entry size: 512
 Card Set container configuration: InlinePtr #cards 4 size 8 Array Of Cards #cards 16 size 48 Howl #buckets 8 coarsen threshold 3686 Howl Bitmap #cards 512 size 80 coarsen threshold 460 Card regions per heap region 1 cards per card region 4096
 CPUs: 8 total, 8 available
 Memory: 16384M
 Large Page Support: Disabled
 NUMA Support: Disabled
 Compressed Oops: Enabled (Zero based)
 Heap Region Size: 2M
 Heap Min Capacity: 8M
 Heap Initial Capacity: 256M
 Heap Max Capacity: 4G
 Pre-touch: Disabled
 Parallel Workers: 8
 Concurrent Workers: 2
 Concurrent Refinement Workers: 8
 Periodic GC: Disabled
Heap:
 garbage-first heap   total 100352K, used 20748K [0x0000000700000000, 0x0000000800000000)
  region size 2048K, 5 young (10240K), 3 survivors (6144K)
 Metaspace       used 31819K, committed 32256K, reserved 1114112K
  class space    used 3686K, committed 3904K, reserved 1048576K
GC Heap History (10 events):
Event: 1.046 GC heap before
{Heap before GC invocations=0 (full 0):
 garbage-first heap   total 266240K, used 24544K [0x0000000700000000, 0x0000000800000000)
  region size 2048K, 11 young (22528K), 0 survivors (0K)
 Metaspace       used 5919K, committed 6144K, reserved 1114112K
  class space    used 676K, committed 768K, reserved 1048576K
}
Event: 1.055 GC heap after
{Heap after GC invocations=1 (full 0):
 garbage-first heap   total 266240K, used 5499K [0x0000000700000000, 0x0000000800000000)
  region size 2048K, 2 young (4096K), 2 survivors (4096K)
 Metaspace       used 5919K, committed 6144K, reserved 1114112K
  class space    used 676K, committed 768K, reserved 1048576K
}
Event: 2.393 GC heap before
{Heap before GC invocations=1 (full 0):
 garbage-first heap   total 266240K, used 52603K [0x0000000700000000, 0x0000000800000000)
  region size 2048K, 25 young (51200K), 2 survivors (4096K)
 Metaspace       used 12776K, committed 13056K, reserved 1114112K
  class space    used 1558K, committed 1664K, reserved 1048576K
}
Event: 2.400 GC heap after
{Heap after GC invocations=2 (full 0):
 garbage-first heap   total 266240K, used 8332K [0x0000000700000000, 0x0000000800000000)
  region size 2048K, 4 young (8192K), 4 survivors (8192K)
 Metaspace       used 12776K, committed 13056K, reserved 1114112K
  class space    used 1558K, committed 1664K, reserved 1048576K
}
Event: 4.047 GC heap before
{Heap before GC invocations=2 (full 0):
 garbage-first heap   total 266240K, used 94348K [0x0000000700000000, 0x0000000800000000)
  region size 2048K, 47 young (96256K), 4 survivors (8192K)
 Metaspace       used 21241K, committed 21504K, reserved 1114112K
  class space    used 2488K, committed 2624K, reserved 1048576K
}
Event: 4.067 GC heap after
{Heap after GC invocations=3 (full 0):
 garbage-first heap   total 266240K, used 15607K [0x0000000700000000, 0x0000000800000000)
  region size 2048K, 7 young (14336K), 7 survivors (14336K)
 Metaspace       used 21241K, committed 21504K, reserved 1114112K
  class space    used 2488K, committed 2624K, reserved 1048576K
}
Event: 5.331 GC heap before
{Heap before GC invocations=4 (full 0):
 garbage-first heap   total 69632K, used 66807K [0x0000000700000000, 0x0000000800000000)
  region size 2048K, 32 young (65536K), 7 survivors (14336K)
 Metaspace       used 28415K, committed 28800K, reserved 1114112K
  class space    used 3281K, committed 3456K, reserved 1048576K
}
Event: 5.361 GC heap after
{Heap after GC invocations=5 (full 0):
 garbage-first heap   total 86016K, used 18314K [0x0000000700000000, 0x0000000800000000)
  region size 2048K, 5 young (10240K), 5 survivors (10240K)
 Metaspace       used 28415K, committed 28800K, reserved 1114112K
  class space    used 3281K, committed 3456K, reserved 1048576K
}
Event: 6.724 GC heap before
{Heap before GC invocations=5 (full 0):
 garbage-first heap   total 86016K, used 83850K [0x0000000700000000, 0x0000000800000000)
  region size 2048K, 25 young (51200K), 5 survivors (10240K)
 Metaspace       used 31286K, committed 31744K, reserved 1114112K
  class space    used 3635K, committed 3840K, reserved 1048576K
}
Event: 6.745 GC heap after
{Heap after GC invocations=6 (full 0):
 garbage-first heap   total 100352K, used 20748K [0x0000000700000000, 0x0000000800000000)
  region size 2048K, 3 young (6144K), 3 survivors (6144K)
 Metaspace       used 31286K, committed 31744K, reserved 1114112K
  class space    used 3635K, committed 3840K, reserved 1048576K
}

